已經開始建置於 2014/7/4 下午 06:47:29。
     1>節點 2 (build 目標) 上的專案 "D:\Git\PBD_starterkit\PositionBasedDynamics\PositionBasedDynamics.vcxproj"。
     1>InitializeBuildStatus:
         由於指定了 "AlwaysCreate"，因此正在建立 "Release\PositionBasedDynamics.unsuccessfulbuild"。
       ClCompile:
         c:\Program Files (x86)\Microsoft Visual Studio 10.0\VC\bin\CL.exe /c /I../tinyxml /I../glm /I../glew/include /I../glfw/include /Zi /nologo /W3 /WX- /O2 /Oi /Oy- /GL /D WIN32 /D NDEBUG /D _CONSOLE /D _UNICODE /D UNICODE /Gm- /EHsc /MD /GS /Gy /fp:precise /Zc:wchar_t /Zc:forScope /Fo"Release\\" /Fd"Release\vc100.pdb" /Gd /TP /analyze- /errorReport:prompt Source\cloth_sim.cpp Source\constraint.cpp Source\main.cpp Source\scene.cpp
         cloth_sim.cpp
     1>d:\git\pbd_starterkit\glm\./core/func_common.hpp : warning C4819: 檔案含有無法在目前字碼頁 (950) 中表示的字元。請以 Unicode 格式儲存檔案以防止資料遺失
     1>d:\git\pbd_starterkit\glm\core\func_common.inl : warning C4819: 檔案含有無法在目前字碼頁 (950) 中表示的字元。請以 Unicode 格式儲存檔案以防止資料遺失
     1>d:\git\pbd_starterkit\glm\./core/func_integer.hpp : warning C4819: 檔案含有無法在目前字碼頁 (950) 中表示的字元。請以 Unicode 格式儲存檔案以防止資料遺失
     1>Source\cloth_sim.cpp(345): warning C4101: 'phi' : 未參考的區域變數
     1>Source\cloth_sim.cpp(469): warning C4018: '<' : signed/unsigned 不相符
     1>Source\cloth_sim.cpp(484): warning C4018: '<' : signed/unsigned 不相符
     1>Source\cloth_sim.cpp(497): warning C4018: '<' : signed/unsigned 不相符
     1>Source\cloth_sim.cpp(590): warning C4101: 'norm_fraction' : 未參考的區域變數
         constraint.cpp
     1>d:\git\pbd_starterkit\glm\./core/func_common.hpp : warning C4819: 檔案含有無法在目前字碼頁 (950) 中表示的字元。請以 Unicode 格式儲存檔案以防止資料遺失
     1>d:\git\pbd_starterkit\glm\core\func_common.inl : warning C4819: 檔案含有無法在目前字碼頁 (950) 中表示的字元。請以 Unicode 格式儲存檔案以防止資料遺失
     1>d:\git\pbd_starterkit\glm\./core/func_integer.hpp : warning C4819: 檔案含有無法在目前字碼頁 (950) 中表示的字元。請以 Unicode 格式儲存檔案以防止資料遺失
         main.cpp
     1>d:\git\pbd_starterkit\glm\./core/func_common.hpp : warning C4819: 檔案含有無法在目前字碼頁 (950) 中表示的字元。請以 Unicode 格式儲存檔案以防止資料遺失
     1>d:\git\pbd_starterkit\glm\core\func_common.inl : warning C4819: 檔案含有無法在目前字碼頁 (950) 中表示的字元。請以 Unicode 格式儲存檔案以防止資料遺失
     1>d:\git\pbd_starterkit\glm\./core/func_integer.hpp : warning C4819: 檔案含有無法在目前字碼頁 (950) 中表示的字元。請以 Unicode 格式儲存檔案以防止資料遺失
     1>Source\main.cpp(344): warning C4996: 'sprintf': This function or variable may be unsafe. Consider using sprintf_s instead. To disable deprecation, use _CRT_SECURE_NO_WARNINGS. See online help for details.
                 c:\Program Files (x86)\Microsoft Visual Studio 10.0\VC\include\stdio.h(371) : 請參閱 'sprintf' 的宣告
     1>Source\main.cpp(365): warning C4996: 'fopen': This function or variable may be unsafe. Consider using fopen_s instead. To disable deprecation, use _CRT_SECURE_NO_WARNINGS. See online help for details.
                 c:\Program Files (x86)\Microsoft Visual Studio 10.0\VC\include\stdio.h(234) : 請參閱 'fopen' 的宣告
         scene.cpp
     1>d:\git\pbd_starterkit\glm\./core/func_common.hpp : warning C4819: 檔案含有無法在目前字碼頁 (950) 中表示的字元。請以 Unicode 格式儲存檔案以防止資料遺失
     1>d:\git\pbd_starterkit\glm\core\func_common.inl : warning C4819: 檔案含有無法在目前字碼頁 (950) 中表示的字元。請以 Unicode 格式儲存檔案以防止資料遺失
     1>d:\git\pbd_starterkit\glm\./core/func_integer.hpp : warning C4819: 檔案含有無法在目前字碼頁 (950) 中表示的字元。請以 Unicode 格式儲存檔案以防止資料遺失
     1>Source\scene.cpp(395): warning C4244: '引數' : 將 'double' 轉換為 'float'，由於型別不同，可能導致資料遺失
     1>Source\scene.cpp(412): warning C4244: '引數' : 將 'double' 轉換為 'float'，由於型別不同，可能導致資料遺失
         c:\Program Files (x86)\Microsoft Visual Studio 10.0\VC\bin\CL.exe /c /I../tinyxml /I../glm /I../glew/include /I../glfw/include /Zi /nologo /W3 /WX- /O2 /Oi /Oy- /GL /D WIN32 /D NDEBUG /D _CONSOLE /D _UNICODE /D UNICODE /Gm- /EHsc /MD /GS /Gy /fp:precise /Zc:wchar_t /Zc:forScope /Fo"Release\\" /Fd"Release\vc100.pdb" /Gd /TC /analyze- /errorReport:prompt Source\stb_image.c Source\stb_image_write.c
         stb_image.c
         stb_image_write.c
       Link:
         c:\Program Files (x86)\Microsoft Visual Studio 10.0\VC\bin\link.exe /ERRORREPORT:PROMPT /OUT:"D:\Git\PBD_starterkit\Release\PositionBasedDynamics.exe" /INCREMENTAL:NO /NOLOGO /LIBPATH:../glew/lib /LIBPATH:../glfw/lib /LIBPATH:../tinyxml tinyxml_STL.lib glew32.lib glu32.lib opengl32.lib glfw.lib glfwdll.lib kernel32.lib user32.lib gdi32.lib winspool.lib comdlg32.lib advapi32.lib shell32.lib ole32.lib oleaut32.lib uuid.lib odbc32.lib odbccp32.lib /MANIFEST /ManifestFile:"Release\PositionBasedDynamics.exe.intermediate.manifest" /MANIFESTUAC:"level='asInvoker' uiAccess='false'" /DEBUG /PDB:"D:\Git\PBD_starterkit\Release\PositionBasedDynamics.pdb" /SUBSYSTEM:CONSOLE /OPT:REF /OPT:ICF /LTCG /TLBID:1 /DYNAMICBASE /NXCOMPAT /IMPLIB:"D:\Git\PBD_starterkit\Release\PositionBasedDynamics.lib" /MACHINE:X86 Release\cloth_sim.obj
         Release\constraint.obj
         Release\main.obj
         Release\scene.obj
         Release\stb_image.obj
         Release\stb_image_write.obj
         正在產生程式碼
         已完成程式碼產生
         PositionBasedDynamics.vcxproj -> D:\Git\PBD_starterkit\Release\PositionBasedDynamics.exe
       Manifest:
         C:\Program Files (x86)\Microsoft SDKs\Windows\v7.0A\bin\mt.exe /nologo /verbose /outputresource:"D:\Git\PBD_starterkit\Release\PositionBasedDynamics.exe;#1" /manifest Release\PositionBasedDynamics.exe.intermediate.manifest
       FinalizeBuildStatus:
         正在刪除檔案 "Release\PositionBasedDynamics.unsuccessfulbuild"。
         正在變更時間戳記 "Release\PositionBasedDynamics.lastbuildstate"。
     1>專案 "D:\Git\PBD_starterkit\PositionBasedDynamics\PositionBasedDynamics.vcxproj" (build 目標) 建置完成。

建置成功。

經過時間 00:00:04.05
